rm -f rdma_sort kernel_sort
g++ -o rdma_sort sort.cpp rdma_common.c -Ofast -lrdmacm -libverbs -lpthread
g++ -o kernel_sort kernel_sort.cpp -Ofast -lpthread
[0m VMA INFO: ---------------------------------------------------------------------------
[0m[0m VMA INFO: VMA_VERSION: 9.0.2-0 Development Snapshot built on Feb  6 2020 08:03:54
[0m[0m VMA INFO: Cmd Line: ./kernel_sort 3 322122547 10.10.1.1,10.10.1.2,10.10.1.3 0
[0m[0m VMA INFO: Current Time: Tue May  9 18:46:11 2023
[0m[0m VMA INFO: Pid: 32370
[0m[0m VMA INFO: OFED Version: MLNX_OFED_LINUX-4.9-5.1.0.0:
[0m[0m VMA INFO: Architecture: x86_64
[0m[0m VMA INFO: Node: node-0.740-proj-10n.cs740-uwmadison-pg0.utah.cloudlab.us
[0m[0m VMA INFO: ---------------------------------------------------------------------------
[0m[0m VMA INFO: Log Level                      INFO                       [VMA_TRACELEVEL]
[0m[0m VMA INFO: ---------------------------------------------------------------------------
[0mStarting server
Num workers: 3
Step 2- Partitioning done
Accepted all client connections
Connected to all servers
Step 3a- Connection setup done
Step 3- Receive data from other workers
Step 3: Sending partition pieces to all workers
8
Sending 3579978000 bytes to rank 1
Accepted all client connections, start receiving partitions
Receiving 3579149700 bytes from rank 1
Waiting for recv
